<?xml version="1.0" encoding="UTF-8"?>
<testsuite xmlns:xsi="http://www.w3.org/2001/XMLSchema-instance" xsi:noNamespaceSchemaLocation="https://maven.apache.org/surefire/maven-surefire-plugin/xsd/surefire-test-report.xsd" name="cn.tedu.eureka.DemoApplicationTests" time="9.1" tests="1" errors="0" skipped="0" failures="0">
  <properties>
    <property name="sun.desktop" value="windows"/>
    <property name="awt.toolkit" value="sun.awt.windows.WToolkit"/>
    <property name="file.encoding.pkg" value="sun.io"/>
    <property name="java.specification.version" value="1.8"/>
    <property name="sun.cpu.isalist" value="amd64"/>
    <property name="sun.jnu.encoding" value="GBK"/>
    <property name="java.class.path" value="C:\Users\Administrator\Desktop\demo\target\test-classes;C:\Users\Administrator\Desktop\demo\target\classes;F:\apache-maven-3.5.4\rep\org\springframework\boot\spring-boot-starter-web\2.0.4.RELEASE\spring-boot-starter-web-2.0.4.RELEASE.jar;F:\apache-maven-3.5.4\rep\org\springframework\boot\spring-boot-starter\2.0.4.RELEASE\spring-boot-starter-2.0.4.RELEASE.jar;F:\apache-maven-3.5.4\rep\org\springframework\boot\spring-boot-starter-logging\2.0.4.RELEASE\spring-boot-starter-logging-2.0.4.RELEASE.jar;F:\apache-maven-3.5.4\rep\ch\qos\logback\logback-classic\1.2.3\logback-classic-1.2.3.jar;F:\apache-maven-3.5.4\rep\ch\qos\logback\logback-core\1.2.3\logback-core-1.2.3.jar;F:\apache-maven-3.5.4\rep\org\apache\logging\log4j\log4j-to-slf4j\2.10.0\log4j-to-slf4j-2.10.0.jar;F:\apache-maven-3.5.4\rep\org\apache\logging\log4j\log4j-api\2.10.0\log4j-api-2.10.0.jar;F:\apache-maven-3.5.4\rep\org\slf4j\jul-to-slf4j\1.7.25\jul-to-slf4j-1.7.25.jar;F:\apache-maven-3.5.4\rep\javax\annotation\javax.annotation-api\1.3.2\javax.annotation-api-1.3.2.jar;F:\apache-maven-3.5.4\rep\org\yaml\snakeyaml\1.19\snakeyaml-1.19.jar;F:\apache-maven-3.5.4\rep\org\springframework\boot\spring-boot-starter-json\2.0.4.RELEASE\spring-boot-starter-json-2.0.4.RELEASE.jar;F:\apache-maven-3.5.4\rep\com\fasterxml\jackson\core\jackson-databind\2.9.6\jackson-databind-2.9.6.jar;F:\apache-maven-3.5.4\rep\com\fasterxml\jackson\core\jackson-annotations\2.9.0\jackson-annotations-2.9.0.jar;F:\apache-maven-3.5.4\rep\com\fasterxml\jackson\core\jackson-core\2.9.6\jackson-core-2.9.6.jar;F:\apache-maven-3.5.4\rep\com\fasterxml\jackson\datatype\jackson-datatype-jdk8\2.9.6\jackson-datatype-jdk8-2.9.6.jar;F:\apache-maven-3.5.4\rep\com\fasterxml\jackson\datatype\jackson-datatype-jsr310\2.9.6\jackson-datatype-jsr310-2.9.6.jar;F:\apache-maven-3.5.4\rep\com\fasterxml\jackson\module\jackson-module-parameter-names\2.9.6\jackson-module-parameter-names-2.9.6.jar;F:\apache-maven-3.5.4\rep\org\springframework\boot\spring-boot-starter-tomcat\2.0.4.RELEASE\spring-boot-starter-tomcat-2.0.4.RELEASE.jar;F:\apache-maven-3.5.4\rep\org\apache\tomcat\embed\tomcat-embed-core\8.5.32\tomcat-embed-core-8.5.32.jar;F:\apache-maven-3.5.4\rep\org\apache\tomcat\embed\tomcat-embed-el\8.5.32\tomcat-embed-el-8.5.32.jar;F:\apache-maven-3.5.4\rep\org\apache\tomcat\embed\tomcat-embed-websocket\8.5.32\tomcat-embed-websocket-8.5.32.jar;F:\apache-maven-3.5.4\rep\org\hibernate\validator\hibernate-validator\6.0.11.Final\hibernate-validator-6.0.11.Final.jar;F:\apache-maven-3.5.4\rep\javax\validation\validation-api\2.0.1.Final\validation-api-2.0.1.Final.jar;F:\apache-maven-3.5.4\rep\org\jboss\logging\jboss-logging\3.3.2.Final\jboss-logging-3.3.2.Final.jar;F:\apache-maven-3.5.4\rep\com\fasterxml\classmate\1.3.4\classmate-1.3.4.jar;F:\apache-maven-3.5.4\rep\org\springframework\spring-web\5.0.8.RELEASE\spring-web-5.0.8.RELEASE.jar;F:\apache-maven-3.5.4\rep\org\springframework\spring-beans\5.0.8.RELEASE\spring-beans-5.0.8.RELEASE.jar;F:\apache-maven-3.5.4\rep\org\springframework\spring-webmvc\5.0.8.RELEASE\spring-webmvc-5.0.8.RELEASE.jar;F:\apache-maven-3.5.4\rep\org\springframework\spring-aop\5.0.8.RELEASE\spring-aop-5.0.8.RELEASE.jar;F:\apache-maven-3.5.4\rep\org\springframework\spring-context\5.0.8.RELEASE\spring-context-5.0.8.RELEASE.jar;F:\apache-maven-3.5.4\rep\org\springframework\spring-expression\5.0.8.RELEASE\spring-expression-5.0.8.RELEASE.jar;F:\apache-maven-3.5.4\rep\org\springframework\cloud\spring-cloud-starter-netflix-eureka-server\2.0.1.RELEASE\spring-cloud-starter-netflix-eureka-server-2.0.1.RELEASE.jar;F:\apache-maven-3.5.4\rep\org\springframework\cloud\spring-cloud-starter\2.0.1.RELEASE\spring-cloud-starter-2.0.1.RELEASE.jar;F:\apache-maven-3.5.4\rep\org\springframework\cloud\spring-cloud-context\2.0.1.RELEASE\spring-cloud-context-2.0.1.RELEASE.jar;F:\apache-maven-3.5.4\rep\org\springframework\security\spring-security-crypto\5.0.7.RELEASE\spring-security-crypto-5.0.7.RELEASE.jar;F:\apache-maven-3.5.4\rep\org\springframework\cloud\spring-cloud-commons\2.0.1.RELEASE\spring-cloud-commons-2.0.1.RELEASE.jar;F:\apache-maven-3.5.4\rep\org\springframework\security\spring-security-rsa\1.0.5.RELEASE\spring-security-rsa-1.0.5.RELEASE.jar;F:\apache-maven-3.5.4\rep\org\bouncycastle\bcpkix-jdk15on\1.56\bcpkix-jdk15on-1.56.jar;F:\apache-maven-3.5.4\rep\org\bouncycastle\bcprov-jdk15on\1.56\bcprov-jdk15on-1.56.jar;F:\apache-maven-3.5.4\rep\org\springframework\cloud\spring-cloud-netflix-eureka-server\2.0.1.RELEASE\spring-cloud-netflix-eureka-server-2.0.1.RELEASE.jar;F:\apache-maven-3.5.4\rep\org\springframework\boot\spring-boot-starter-actuator\2.0.4.RELEASE\spring-boot-starter-actuator-2.0.4.RELEASE.jar;F:\apache-maven-3.5.4\rep\org\springframework\boot\spring-boot-actuator-autoconfigure\2.0.4.RELEASE\spring-boot-actuator-autoconfigure-2.0.4.RELEASE.jar;F:\apache-maven-3.5.4\rep\org\springframework\boot\spring-boot-actuator\2.0.4.RELEASE\spring-boot-actuator-2.0.4.RELEASE.jar;F:\apache-maven-3.5.4\rep\io\micrometer\micrometer-core\1.0.6\micrometer-core-1.0.6.jar;F:\apache-maven-3.5.4\rep\org\hdrhistogram\HdrHistogram\2.1.10\HdrHistogram-2.1.10.jar;F:\apache-maven-3.5.4\rep\org\latencyutils\LatencyUtils\2.0.3\LatencyUtils-2.0.3.jar;F:\apache-maven-3.5.4\rep\org\springframework\boot\spring-boot-starter-freemarker\2.0.4.RELEASE\spring-boot-starter-freemarker-2.0.4.RELEASE.jar;F:\apache-maven-3.5.4\rep\org\freemarker\freemarker\2.3.28\freemarker-2.3.28.jar;F:\apache-maven-3.5.4\rep\org\springframework\spring-context-support\5.0.8.RELEASE\spring-context-support-5.0.8.RELEASE.jar;F:\apache-maven-3.5.4\rep\org\springframework\cloud\spring-cloud-netflix-core\2.0.1.RELEASE\spring-cloud-netflix-core-2.0.1.RELEASE.jar;F:\apache-maven-3.5.4\rep\org\springframework\boot\spring-boot-starter-aop\2.0.4.RELEASE\spring-boot-starter-aop-2.0.4.RELEASE.jar;F:\apache-maven-3.5.4\rep\org\aspectj\aspectjweaver\1.8.13\aspectjweaver-1.8.13.jar;F:\apache-maven-3.5.4\rep\org\springframework\cloud\spring-cloud-netflix-eureka-client\2.0.1.RELEASE\spring-cloud-netflix-eureka-client-2.0.1.RELEASE.jar;F:\apache-maven-3.5.4\rep\com\netflix\eureka\eureka-client\1.9.3\eureka-client-1.9.3.jar;F:\apache-maven-3.5.4\rep\org\codehaus\jettison\jettison\1.3.7\jettison-1.3.7.jar;F:\apache-maven-3.5.4\rep\stax\stax-api\1.0.1\stax-api-1.0.1.jar;F:\apache-maven-3.5.4\rep\com\netflix\netflix-commons\netflix-eventbus\0.3.0\netflix-eventbus-0.3.0.jar;F:\apache-maven-3.5.4\rep\com\netflix\netflix-commons\netflix-infix\0.3.0\netflix-infix-0.3.0.jar;F:\apache-maven-3.5.4\rep\commons-jxpath\commons-jxpath\1.3\commons-jxpath-1.3.jar;F:\apache-maven-3.5.4\rep\joda-time\joda-time\2.9.9\joda-time-2.9.9.jar;F:\apache-maven-3.5.4\rep\org\antlr\antlr-runtime\3.4\antlr-runtime-3.4.jar;F:\apache-maven-3.5.4\rep\org\antlr\stringtemplate\3.2.1\stringtemplate-3.2.1.jar;F:\apache-maven-3.5.4\rep\antlr\antlr\2.7.7\antlr-2.7.7.jar;F:\apache-maven-3.5.4\rep\com\google\code\gson\gson\2.8.5\gson-2.8.5.jar;F:\apache-maven-3.5.4\rep\org\apache\commons\commons-math\2.2\commons-math-2.2.jar;F:\apache-maven-3.5.4\rep\javax\ws\rs\jsr311-api\1.1.1\jsr311-api-1.1.1.jar;F:\apache-maven-3.5.4\rep\com\netflix\servo\servo-core\0.12.21\servo-core-0.12.21.jar;F:\apache-maven-3.5.4\rep\com\sun\jersey\jersey-core\1.19.1\jersey-core-1.19.1.jar;F:\apache-maven-3.5.4\rep\com\sun\jersey\jersey-client\1.19.1\jersey-client-1.19.1.jar;F:\apache-maven-3.5.4\rep\com\sun\jersey\contribs\jersey-apache-client4\1.19.1\jersey-apache-client4-1.19.1.jar;F:\apache-maven-3.5.4\rep\org\apache\httpcomponents\httpclient\4.5.6\httpclient-4.5.6.jar;F:\apache-maven-3.5.4\rep\org\apache\httpcomponents\httpcore\4.4.10\httpcore-4.4.10.jar;F:\apache-maven-3.5.4\rep\commons-codec\commons-codec\1.11\commons-codec-1.11.jar;F:\apache-maven-3.5.4\rep\com\google\inject\guice\4.1.0\guice-4.1.0.jar;F:\apache-maven-3.5.4\rep\aopalliance\aopalliance\1.0\aopalliance-1.0.jar;F:\apache-maven-3.5.4\rep\com\github\vlsi\compactmap\compactmap\1.2.1\compactmap-1.2.1.jar;F:\apache-maven-3.5.4\rep\com\github\andrewoma\dexx\dexx-collections\0.2\dexx-collections-0.2.jar;F:\apache-maven-3.5.4\rep\com\sun\jersey\jersey-servlet\1.19.1\jersey-servlet-1.19.1.jar;F:\apache-maven-3.5.4\rep\com\sun\jersey\jersey-server\1.19.1\jersey-server-1.19.1.jar;F:\apache-maven-3.5.4\rep\com\netflix\eureka\eureka-core\1.9.3\eureka-core-1.9.3.jar;F:\apache-maven-3.5.4\rep\org\codehaus\woodstox\woodstox-core-asl\4.4.1\woodstox-core-asl-4.4.1.jar;F:\apache-maven-3.5.4\rep\javax\xml\stream\stax-api\1.0-2\stax-api-1.0-2.jar;F:\apache-maven-3.5.4\rep\com\netflix\archaius\archaius-core\0.7.6\archaius-core-0.7.6.jar;F:\apache-maven-3.5.4\rep\javax\inject\javax.inject\1\javax.inject-1.jar;F:\apache-maven-3.5.4\rep\com\fasterxml\jackson\dataformat\jackson-dataformat-xml\2.9.6\jackson-dataformat-xml-2.9.6.jar;F:\apache-maven-3.5.4\rep\com\fasterxml\jackson\module\jackson-module-jaxb-annotations\2.9.6\jackson-module-jaxb-annotations-2.9.6.jar;F:\apache-maven-3.5.4\rep\org\codehaus\woodstox\stax2-api\3.1.4\stax2-api-3.1.4.jar;F:\apache-maven-3.5.4\rep\com\fasterxml\woodstox\woodstox-core\5.0.3\woodstox-core-5.0.3.jar;F:\apache-maven-3.5.4\rep\com\thoughtworks\xstream\xstream\1.4.10\xstream-1.4.10.jar;F:\apache-maven-3.5.4\rep\xmlpull\xmlpull\1.1.3.1\xmlpull-1.1.3.1.jar;F:\apache-maven-3.5.4\rep\xpp3\xpp3_min\1.1.4c\xpp3_min-1.1.4c.jar;F:\apache-maven-3.5.4\rep\org\springframework\cloud\spring-cloud-starter-netflix-archaius\2.0.1.RELEASE\spring-cloud-starter-netflix-archaius-2.0.1.RELEASE.jar;F:\apache-maven-3.5.4\rep\org\springframework\cloud\spring-cloud-netflix-ribbon\2.0.1.RELEASE\spring-cloud-netflix-ribbon-2.0.1.RELEASE.jar;F:\apache-maven-3.5.4\rep\org\springframework\cloud\spring-cloud-netflix-archaius\2.0.1.RELEASE\spring-cloud-netflix-archaius-2.0.1.RELEASE.jar;F:\apache-maven-3.5.4\rep\commons-configuration\commons-configuration\1.8\commons-configuration-1.8.jar;F:\apache-maven-3.5.4\rep\commons-lang\commons-lang\2.6\commons-lang-2.6.jar;F:\apache-maven-3.5.4\rep\org\springframework\cloud\spring-cloud-starter-netflix-ribbon\2.0.1.RELEASE\spring-cloud-starter-netflix-ribbon-2.0.1.RELEASE.jar;F:\apache-maven-3.5.4\rep\com\netflix\ribbon\ribbon\2.2.5\ribbon-2.2.5.jar;F:\apache-maven-3.5.4\rep\com\netflix\ribbon\ribbon-transport\2.2.5\ribbon-transport-2.2.5.jar;F:\apache-maven-3.5.4\rep\io\reactivex\rxnetty-contexts\0.4.9\rxnetty-contexts-0.4.9.jar;F:\apache-maven-3.5.4\rep\io\reactivex\rxnetty-servo\0.4.9\rxnetty-servo-0.4.9.jar;F:\apache-maven-3.5.4\rep\com\netflix\hystrix\hystrix-core\1.5.12\hystrix-core-1.5.12.jar;F:\apache-maven-3.5.4\rep\io\reactivex\rxnetty\0.4.9\rxnetty-0.4.9.jar;F:\apache-maven-3.5.4\rep\io\netty\netty-codec-http\4.1.27.Final\netty-codec-http-4.1.27.Final.jar;F:\apache-maven-3.5.4\rep\io\netty\netty-codec\4.1.27.Final\netty-codec-4.1.27.Final.jar;F:\apache-maven-3.5.4\rep\io\netty\netty-transport-native-epoll\4.1.27.Final\netty-transport-native-epoll-4.1.27.Final.jar;F:\apache-maven-3.5.4\rep\io\netty\netty-common\4.1.27.Final\netty-common-4.1.27.Final.jar;F:\apache-maven-3.5.4\rep\io\netty\netty-buffer\4.1.27.Final\netty-buffer-4.1.27.Final.jar;F:\apache-maven-3.5.4\rep\io\netty\netty-transport-native-unix-common\4.1.27.Final\netty-transport-native-unix-common-4.1.27.Final.jar;F:\apache-maven-3.5.4\rep\io\netty\netty-transport\4.1.27.Final\netty-transport-4.1.27.Final.jar;F:\apache-maven-3.5.4\rep\io\netty\netty-resolver\4.1.27.Final\netty-resolver-4.1.27.Final.jar;F:\apache-maven-3.5.4\rep\com\netflix\ribbon\ribbon-core\2.2.5\ribbon-core-2.2.5.jar;F:\apache-maven-3.5.4\rep\com\netflix\ribbon\ribbon-httpclient\2.2.5\ribbon-httpclient-2.2.5.jar;F:\apache-maven-3.5.4\rep\commons-collections\commons-collections\3.2.2\commons-collections-3.2.2.jar;F:\apache-maven-3.5.4\rep\com\netflix\netflix-commons\netflix-commons-util\0.3.0\netflix-commons-util-0.3.0.jar;F:\apache-maven-3.5.4\rep\com\netflix\ribbon\ribbon-loadbalancer\2.2.5\ribbon-loadbalancer-2.2.5.jar;F:\apache-maven-3.5.4\rep\com\netflix\netflix-commons\netflix-statistics\0.1.1\netflix-statistics-0.1.1.jar;F:\apache-maven-3.5.4\rep\io\reactivex\rxjava\1.3.8\rxjava-1.3.8.jar;F:\apache-maven-3.5.4\rep\com\netflix\ribbon\ribbon-eureka\2.2.5\ribbon-eureka-2.2.5.jar;F:\apache-maven-3.5.4\rep\org\slf4j\slf4j-api\1.7.25\slf4j-api-1.7.25.jar;F:\apache-maven-3.5.4\rep\org\springframework\boot\spring-boot-starter-test\2.0.4.RELEASE\spring-boot-starter-test-2.0.4.RELEASE.jar;F:\apache-maven-3.5.4\rep\org\springframework\boot\spring-boot-test\2.0.4.RELEASE\spring-boot-test-2.0.4.RELEASE.jar;F:\apache-maven-3.5.4\rep\org\springframework\boot\spring-boot-test-autoconfigure\2.0.4.RELEASE\spring-boot-test-autoconfigure-2.0.4.RELEASE.jar;F:\apache-maven-3.5.4\rep\com\jayway\jsonpath\json-path\2.4.0\json-path-2.4.0.jar;F:\apache-maven-3.5.4\rep\net\minidev\json-smart\2.3\json-smart-2.3.jar;F:\apache-maven-3.5.4\rep\net\minidev\accessors-smart\1.2\accessors-smart-1.2.jar;F:\apache-maven-3.5.4\rep\org\ow2\asm\asm\5.0.4\asm-5.0.4.jar;F:\apache-maven-3.5.4\rep\junit\junit\4.12\junit-4.12.jar;F:\apache-maven-3.5.4\rep\org\assertj\assertj-core\3.9.1\assertj-core-3.9.1.jar;F:\apache-maven-3.5.4\rep\org\mockito\mockito-core\2.15.0\mockito-core-2.15.0.jar;F:\apache-maven-3.5.4\rep\net\bytebuddy\byte-buddy\1.7.11\byte-buddy-1.7.11.jar;F:\apache-maven-3.5.4\rep\net\bytebuddy\byte-buddy-agent\1.7.11\byte-buddy-agent-1.7.11.jar;F:\apache-maven-3.5.4\rep\org\objenesis\objenesis\2.6\objenesis-2.6.jar;F:\apache-maven-3.5.4\rep\org\hamcrest\hamcrest-core\1.3\hamcrest-core-1.3.jar;F:\apache-maven-3.5.4\rep\org\hamcrest\hamcrest-library\1.3\hamcrest-library-1.3.jar;F:\apache-maven-3.5.4\rep\org\skyscreamer\jsonassert\1.5.0\jsonassert-1.5.0.jar;F:\apache-maven-3.5.4\rep\com\vaadin\external\google\android-json\0.0.20131108.vaadin1\android-json-0.0.20131108.vaadin1.jar;F:\apache-maven-3.5.4\rep\org\springframework\spring-core\5.0.8.RELEASE\spring-core-5.0.8.RELEASE.jar;F:\apache-maven-3.5.4\rep\org\springframework\spring-jcl\5.0.8.RELEASE\spring-jcl-5.0.8.RELEASE.jar;F:\apache-maven-3.5.4\rep\org\springframework\spring-test\5.0.8.RELEASE\spring-test-5.0.8.RELEASE.jar;F:\apache-maven-3.5.4\rep\org\xmlunit\xmlunit-core\2.5.1\xmlunit-core-2.5.1.jar;F:\apache-maven-3.5.4\rep\org\springframework\boot\spring-boot-devtools\2.0.4.RELEASE\spring-boot-devtools-2.0.4.RELEASE.jar;F:\apache-maven-3.5.4\rep\org\springframework\boot\spring-boot\2.0.4.RELEASE\spring-boot-2.0.4.RELEASE.jar;F:\apache-maven-3.5.4\rep\org\springframework\boot\spring-boot-autoconfigure\2.0.4.RELEASE\spring-boot-autoconfigure-2.0.4.RELEASE.jar;F:\apache-maven-3.5.4\rep\com\google\guava\guava\25.1-jre\guava-25.1-jre.jar;F:\apache-maven-3.5.4\rep\com\google\code\findbugs\jsr305\3.0.2\jsr305-3.0.2.jar;F:\apache-maven-3.5.4\rep\org\checkerframework\checker-qual\2.0.0\checker-qual-2.0.0.jar;F:\apache-maven-3.5.4\rep\com\google\errorprone\error_prone_annotations\2.1.3\error_prone_annotations-2.1.3.jar;F:\apache-maven-3.5.4\rep\com\google\j2objc\j2objc-annotations\1.1\j2objc-annotations-1.1.jar;F:\apache-maven-3.5.4\rep\org\codehaus\mojo\animal-sniffer-annotations\1.14\animal-sniffer-annotations-1.14.jar;F:\apache-maven-3.5.4\rep\com\diffplug\guava\guava-cache\19.0.0\guava-cache-19.0.0.jar;F:\apache-maven-3.5.4\rep\com\diffplug\guava\guava-core\19.0.0\guava-core-19.0.0.jar;F:\apache-maven-3.5.4\rep\com\diffplug\guava\guava-collect\19.0.0\guava-collect-19.0.0.jar;F:\apache-maven-3.5.4\rep\com\diffplug\guava\guava-concurrent\19.0.0\guava-concurrent-19.0.0.jar;"/>
    <property name="java.vm.vendor" value="Oracle Corporation"/>
    <property name="sun.arch.data.model" value="64"/>
    <property name="user.variant" value=""/>
    <property name="java.vendor.url" value="http://java.oracle.com/"/>
    <property name="user.timezone" value=""/>
    <property name="java.vm.specification.version" value="1.8"/>
    <property name="os.name" value="Windows 7"/>
    <property name="user.country" value="CN"/>
    <property name="sun.java.launcher" value="SUN_STANDARD"/>
    <property name="sun.boot.library.path" value="C:\Program Files\Java\jdk1.8.0_101\jre\bin"/>
    <property name="sun.java.command" value="C:\Users\ADMINI~1\AppData\Local\Temp\surefire7019041209556232824\surefirebooter3735653044656470718.jar C:\Users\Administrator\AppData\Local\Temp\surefire7019041209556232824 2018-12-15T14-01-52_017-jvmRun1 surefire9031781749662222278tmp surefire_0407651734283593227tmp"/>
    <property name="surefire.test.class.path" value="C:\Users\Administrator\Desktop\demo\target\test-classes;C:\Users\Administrator\Desktop\demo\target\classes;F:\apache-maven-3.5.4\rep\org\springframework\boot\spring-boot-starter-web\2.0.4.RELEASE\spring-boot-starter-web-2.0.4.RELEASE.jar;F:\apache-maven-3.5.4\rep\org\springframework\boot\spring-boot-starter\2.0.4.RELEASE\spring-boot-starter-2.0.4.RELEASE.jar;F:\apache-maven-3.5.4\rep\org\springframework\boot\spring-boot-starter-logging\2.0.4.RELEASE\spring-boot-starter-logging-2.0.4.RELEASE.jar;F:\apache-maven-3.5.4\rep\ch\qos\logback\logback-classic\1.2.3\logback-classic-1.2.3.jar;F:\apache-maven-3.5.4\rep\ch\qos\logback\logback-core\1.2.3\logback-core-1.2.3.jar;F:\apache-maven-3.5.4\rep\org\apache\logging\log4j\log4j-to-slf4j\2.10.0\log4j-to-slf4j-2.10.0.jar;F:\apache-maven-3.5.4\rep\org\apache\logging\log4j\log4j-api\2.10.0\log4j-api-2.10.0.jar;F:\apache-maven-3.5.4\rep\org\slf4j\jul-to-slf4j\1.7.25\jul-to-slf4j-1.7.25.jar;F:\apache-maven-3.5.4\rep\javax\annotation\javax.annotation-api\1.3.2\javax.annotation-api-1.3.2.jar;F:\apache-maven-3.5.4\rep\org\yaml\snakeyaml\1.19\snakeyaml-1.19.jar;F:\apache-maven-3.5.4\rep\org\springframework\boot\spring-boot-starter-json\2.0.4.RELEASE\spring-boot-starter-json-2.0.4.RELEASE.jar;F:\apache-maven-3.5.4\rep\com\fasterxml\jackson\core\jackson-databind\2.9.6\jackson-databind-2.9.6.jar;F:\apache-maven-3.5.4\rep\com\fasterxml\jackson\core\jackson-annotations\2.9.0\jackson-annotations-2.9.0.jar;F:\apache-maven-3.5.4\rep\com\fasterxml\jackson\core\jackson-core\2.9.6\jackson-core-2.9.6.jar;F:\apache-maven-3.5.4\rep\com\fasterxml\jackson\datatype\jackson-datatype-jdk8\2.9.6\jackson-datatype-jdk8-2.9.6.jar;F:\apache-maven-3.5.4\rep\com\fasterxml\jackson\datatype\jackson-datatype-jsr310\2.9.6\jackson-datatype-jsr310-2.9.6.jar;F:\apache-maven-3.5.4\rep\com\fasterxml\jackson\module\jackson-module-parameter-names\2.9.6\jackson-module-parameter-names-2.9.6.jar;F:\apache-maven-3.5.4\rep\org\springframework\boot\spring-boot-starter-tomcat\2.0.4.RELEASE\spring-boot-starter-tomcat-2.0.4.RELEASE.jar;F:\apache-maven-3.5.4\rep\org\apache\tomcat\embed\tomcat-embed-core\8.5.32\tomcat-embed-core-8.5.32.jar;F:\apache-maven-3.5.4\rep\org\apache\tomcat\embed\tomcat-embed-el\8.5.32\tomcat-embed-el-8.5.32.jar;F:\apache-maven-3.5.4\rep\org\apache\tomcat\embed\tomcat-embed-websocket\8.5.32\tomcat-embed-websocket-8.5.32.jar;F:\apache-maven-3.5.4\rep\org\hibernate\validator\hibernate-validator\6.0.11.Final\hibernate-validator-6.0.11.Final.jar;F:\apache-maven-3.5.4\rep\javax\validation\validation-api\2.0.1.Final\validation-api-2.0.1.Final.jar;F:\apache-maven-3.5.4\rep\org\jboss\logging\jboss-logging\3.3.2.Final\jboss-logging-3.3.2.Final.jar;F:\apache-maven-3.5.4\rep\com\fasterxml\classmate\1.3.4\classmate-1.3.4.jar;F:\apache-maven-3.5.4\rep\org\springframework\spring-web\5.0.8.RELEASE\spring-web-5.0.8.RELEASE.jar;F:\apache-maven-3.5.4\rep\org\springframework\spring-beans\5.0.8.RELEASE\spring-beans-5.0.8.RELEASE.jar;F:\apache-maven-3.5.4\rep\org\springframework\spring-webmvc\5.0.8.RELEASE\spring-webmvc-5.0.8.RELEASE.jar;F:\apache-maven-3.5.4\rep\org\springframework\spring-aop\5.0.8.RELEASE\spring-aop-5.0.8.RELEASE.jar;F:\apache-maven-3.5.4\rep\org\springframework\spring-context\5.0.8.RELEASE\spring-context-5.0.8.RELEASE.jar;F:\apache-maven-3.5.4\rep\org\springframework\spring-expression\5.0.8.RELEASE\spring-expression-5.0.8.RELEASE.jar;F:\apache-maven-3.5.4\rep\org\springframework\cloud\spring-cloud-starter-netflix-eureka-server\2.0.1.RELEASE\spring-cloud-starter-netflix-eureka-server-2.0.1.RELEASE.jar;F:\apache-maven-3.5.4\rep\org\springframework\cloud\spring-cloud-starter\2.0.1.RELEASE\spring-cloud-starter-2.0.1.RELEASE.jar;F:\apache-maven-3.5.4\rep\org\springframework\cloud\spring-cloud-context\2.0.1.RELEASE\spring-cloud-context-2.0.1.RELEASE.jar;F:\apache-maven-3.5.4\rep\org\springframework\security\spring-security-crypto\5.0.7.RELEASE\spring-security-crypto-5.0.7.RELEASE.jar;F:\apache-maven-3.5.4\rep\org\springframework\cloud\spring-cloud-commons\2.0.1.RELEASE\spring-cloud-commons-2.0.1.RELEASE.jar;F:\apache-maven-3.5.4\rep\org\springframework\security\spring-security-rsa\1.0.5.RELEASE\spring-security-rsa-1.0.5.RELEASE.jar;F:\apache-maven-3.5.4\rep\org\bouncycastle\bcpkix-jdk15on\1.56\bcpkix-jdk15on-1.56.jar;F:\apache-maven-3.5.4\rep\org\bouncycastle\bcprov-jdk15on\1.56\bcprov-jdk15on-1.56.jar;F:\apache-maven-3.5.4\rep\org\springframework\cloud\spring-cloud-netflix-eureka-server\2.0.1.RELEASE\spring-cloud-netflix-eureka-server-2.0.1.RELEASE.jar;F:\apache-maven-3.5.4\rep\org\springframework\boot\spring-boot-starter-actuator\2.0.4.RELEASE\spring-boot-starter-actuator-2.0.4.RELEASE.jar;F:\apache-maven-3.5.4\rep\org\springframework\boot\spring-boot-actuator-autoconfigure\2.0.4.RELEASE\spring-boot-actuator-autoconfigure-2.0.4.RELEASE.jar;F:\apache-maven-3.5.4\rep\org\springframework\boot\spring-boot-actuator\2.0.4.RELEASE\spring-boot-actuator-2.0.4.RELEASE.jar;F:\apache-maven-3.5.4\rep\io\micrometer\micrometer-core\1.0.6\micrometer-core-1.0.6.jar;F:\apache-maven-3.5.4\rep\org\hdrhistogram\HdrHistogram\2.1.10\HdrHistogram-2.1.10.jar;F:\apache-maven-3.5.4\rep\org\latencyutils\LatencyUtils\2.0.3\LatencyUtils-2.0.3.jar;F:\apache-maven-3.5.4\rep\org\springframework\boot\spring-boot-starter-freemarker\2.0.4.RELEASE\spring-boot-starter-freemarker-2.0.4.RELEASE.jar;F:\apache-maven-3.5.4\rep\org\freemarker\freemarker\2.3.28\freemarker-2.3.28.jar;F:\apache-maven-3.5.4\rep\org\springframework\spring-context-support\5.0.8.RELEASE\spring-context-support-5.0.8.RELEASE.jar;F:\apache-maven-3.5.4\rep\org\springframework\cloud\spring-cloud-netflix-core\2.0.1.RELEASE\spring-cloud-netflix-core-2.0.1.RELEASE.jar;F:\apache-maven-3.5.4\rep\org\springframework\boot\spring-boot-starter-aop\2.0.4.RELEASE\spring-boot-starter-aop-2.0.4.RELEASE.jar;F:\apache-maven-3.5.4\rep\org\aspectj\aspectjweaver\1.8.13\aspectjweaver-1.8.13.jar;F:\apache-maven-3.5.4\rep\org\springframework\cloud\spring-cloud-netflix-eureka-client\2.0.1.RELEASE\spring-cloud-netflix-eureka-client-2.0.1.RELEASE.jar;F:\apache-maven-3.5.4\rep\com\netflix\eureka\eureka-client\1.9.3\eureka-client-1.9.3.jar;F:\apache-maven-3.5.4\rep\org\codehaus\jettison\jettison\1.3.7\jettison-1.3.7.jar;F:\apache-maven-3.5.4\rep\stax\stax-api\1.0.1\stax-api-1.0.1.jar;F:\apache-maven-3.5.4\rep\com\netflix\netflix-commons\netflix-eventbus\0.3.0\netflix-eventbus-0.3.0.jar;F:\apache-maven-3.5.4\rep\com\netflix\netflix-commons\netflix-infix\0.3.0\netflix-infix-0.3.0.jar;F:\apache-maven-3.5.4\rep\commons-jxpath\commons-jxpath\1.3\commons-jxpath-1.3.jar;F:\apache-maven-3.5.4\rep\joda-time\joda-time\2.9.9\joda-time-2.9.9.jar;F:\apache-maven-3.5.4\rep\org\antlr\antlr-runtime\3.4\antlr-runtime-3.4.jar;F:\apache-maven-3.5.4\rep\org\antlr\stringtemplate\3.2.1\stringtemplate-3.2.1.jar;F:\apache-maven-3.5.4\rep\antlr\antlr\2.7.7\antlr-2.7.7.jar;F:\apache-maven-3.5.4\rep\com\google\code\gson\gson\2.8.5\gson-2.8.5.jar;F:\apache-maven-3.5.4\rep\org\apache\commons\commons-math\2.2\commons-math-2.2.jar;F:\apache-maven-3.5.4\rep\javax\ws\rs\jsr311-api\1.1.1\jsr311-api-1.1.1.jar;F:\apache-maven-3.5.4\rep\com\netflix\servo\servo-core\0.12.21\servo-core-0.12.21.jar;F:\apache-maven-3.5.4\rep\com\sun\jersey\jersey-core\1.19.1\jersey-core-1.19.1.jar;F:\apache-maven-3.5.4\rep\com\sun\jersey\jersey-client\1.19.1\jersey-client-1.19.1.jar;F:\apache-maven-3.5.4\rep\com\sun\jersey\contribs\jersey-apache-client4\1.19.1\jersey-apache-client4-1.19.1.jar;F:\apache-maven-3.5.4\rep\org\apache\httpcomponents\httpclient\4.5.6\httpclient-4.5.6.jar;F:\apache-maven-3.5.4\rep\org\apache\httpcomponents\httpcore\4.4.10\httpcore-4.4.10.jar;F:\apache-maven-3.5.4\rep\commons-codec\commons-codec\1.11\commons-codec-1.11.jar;F:\apache-maven-3.5.4\rep\com\google\inject\guice\4.1.0\guice-4.1.0.jar;F:\apache-maven-3.5.4\rep\aopalliance\aopalliance\1.0\aopalliance-1.0.jar;F:\apache-maven-3.5.4\rep\com\github\vlsi\compactmap\compactmap\1.2.1\compactmap-1.2.1.jar;F:\apache-maven-3.5.4\rep\com\github\andrewoma\dexx\dexx-collections\0.2\dexx-collections-0.2.jar;F:\apache-maven-3.5.4\rep\com\sun\jersey\jersey-servlet\1.19.1\jersey-servlet-1.19.1.jar;F:\apache-maven-3.5.4\rep\com\sun\jersey\jersey-server\1.19.1\jersey-server-1.19.1.jar;F:\apache-maven-3.5.4\rep\com\netflix\eureka\eureka-core\1.9.3\eureka-core-1.9.3.jar;F:\apache-maven-3.5.4\rep\org\codehaus\woodstox\woodstox-core-asl\4.4.1\woodstox-core-asl-4.4.1.jar;F:\apache-maven-3.5.4\rep\javax\xml\stream\stax-api\1.0-2\stax-api-1.0-2.jar;F:\apache-maven-3.5.4\rep\com\netflix\archaius\archaius-core\0.7.6\archaius-core-0.7.6.jar;F:\apache-maven-3.5.4\rep\javax\inject\javax.inject\1\javax.inject-1.jar;F:\apache-maven-3.5.4\rep\com\fasterxml\jackson\dataformat\jackson-dataformat-xml\2.9.6\jackson-dataformat-xml-2.9.6.jar;F:\apache-maven-3.5.4\rep\com\fasterxml\jackson\module\jackson-module-jaxb-annotations\2.9.6\jackson-module-jaxb-annotations-2.9.6.jar;F:\apache-maven-3.5.4\rep\org\codehaus\woodstox\stax2-api\3.1.4\stax2-api-3.1.4.jar;F:\apache-maven-3.5.4\rep\com\fasterxml\woodstox\woodstox-core\5.0.3\woodstox-core-5.0.3.jar;F:\apache-maven-3.5.4\rep\com\thoughtworks\xstream\xstream\1.4.10\xstream-1.4.10.jar;F:\apache-maven-3.5.4\rep\xmlpull\xmlpull\1.1.3.1\xmlpull-1.1.3.1.jar;F:\apache-maven-3.5.4\rep\xpp3\xpp3_min\1.1.4c\xpp3_min-1.1.4c.jar;F:\apache-maven-3.5.4\rep\org\springframework\cloud\spring-cloud-starter-netflix-archaius\2.0.1.RELEASE\spring-cloud-starter-netflix-archaius-2.0.1.RELEASE.jar;F:\apache-maven-3.5.4\rep\org\springframework\cloud\spring-cloud-netflix-ribbon\2.0.1.RELEASE\spring-cloud-netflix-ribbon-2.0.1.RELEASE.jar;F:\apache-maven-3.5.4\rep\org\springframework\cloud\spring-cloud-netflix-archaius\2.0.1.RELEASE\spring-cloud-netflix-archaius-2.0.1.RELEASE.jar;F:\apache-maven-3.5.4\rep\commons-configuration\commons-configuration\1.8\commons-configuration-1.8.jar;F:\apache-maven-3.5.4\rep\commons-lang\commons-lang\2.6\commons-lang-2.6.jar;F:\apache-maven-3.5.4\rep\org\springframework\cloud\spring-cloud-starter-netflix-ribbon\2.0.1.RELEASE\spring-cloud-starter-netflix-ribbon-2.0.1.RELEASE.jar;F:\apache-maven-3.5.4\rep\com\netflix\ribbon\ribbon\2.2.5\ribbon-2.2.5.jar;F:\apache-maven-3.5.4\rep\com\netflix\ribbon\ribbon-transport\2.2.5\ribbon-transport-2.2.5.jar;F:\apache-maven-3.5.4\rep\io\reactivex\rxnetty-contexts\0.4.9\rxnetty-contexts-0.4.9.jar;F:\apache-maven-3.5.4\rep\io\reactivex\rxnetty-servo\0.4.9\rxnetty-servo-0.4.9.jar;F:\apache-maven-3.5.4\rep\com\netflix\hystrix\hystrix-core\1.5.12\hystrix-core-1.5.12.jar;F:\apache-maven-3.5.4\rep\io\reactivex\rxnetty\0.4.9\rxnetty-0.4.9.jar;F:\apache-maven-3.5.4\rep\io\netty\netty-codec-http\4.1.27.Final\netty-codec-http-4.1.27.Final.jar;F:\apache-maven-3.5.4\rep\io\netty\netty-codec\4.1.27.Final\netty-codec-4.1.27.Final.jar;F:\apache-maven-3.5.4\rep\io\netty\netty-transport-native-epoll\4.1.27.Final\netty-transport-native-epoll-4.1.27.Final.jar;F:\apache-maven-3.5.4\rep\io\netty\netty-common\4.1.27.Final\netty-common-4.1.27.Final.jar;F:\apache-maven-3.5.4\rep\io\netty\netty-buffer\4.1.27.Final\netty-buffer-4.1.27.Final.jar;F:\apache-maven-3.5.4\rep\io\netty\netty-transport-native-unix-common\4.1.27.Final\netty-transport-native-unix-common-4.1.27.Final.jar;F:\apache-maven-3.5.4\rep\io\netty\netty-transport\4.1.27.Final\netty-transport-4.1.27.Final.jar;F:\apache-maven-3.5.4\rep\io\netty\netty-resolver\4.1.27.Final\netty-resolver-4.1.27.Final.jar;F:\apache-maven-3.5.4\rep\com\netflix\ribbon\ribbon-core\2.2.5\ribbon-core-2.2.5.jar;F:\apache-maven-3.5.4\rep\com\netflix\ribbon\ribbon-httpclient\2.2.5\ribbon-httpclient-2.2.5.jar;F:\apache-maven-3.5.4\rep\commons-collections\commons-collections\3.2.2\commons-collections-3.2.2.jar;F:\apache-maven-3.5.4\rep\com\netflix\netflix-commons\netflix-commons-util\0.3.0\netflix-commons-util-0.3.0.jar;F:\apache-maven-3.5.4\rep\com\netflix\ribbon\ribbon-loadbalancer\2.2.5\ribbon-loadbalancer-2.2.5.jar;F:\apache-maven-3.5.4\rep\com\netflix\netflix-commons\netflix-statistics\0.1.1\netflix-statistics-0.1.1.jar;F:\apache-maven-3.5.4\rep\io\reactivex\rxjava\1.3.8\rxjava-1.3.8.jar;F:\apache-maven-3.5.4\rep\com\netflix\ribbon\ribbon-eureka\2.2.5\ribbon-eureka-2.2.5.jar;F:\apache-maven-3.5.4\rep\org\slf4j\slf4j-api\1.7.25\slf4j-api-1.7.25.jar;F:\apache-maven-3.5.4\rep\org\springframework\boot\spring-boot-starter-test\2.0.4.RELEASE\spring-boot-starter-test-2.0.4.RELEASE.jar;F:\apache-maven-3.5.4\rep\org\springframework\boot\spring-boot-test\2.0.4.RELEASE\spring-boot-test-2.0.4.RELEASE.jar;F:\apache-maven-3.5.4\rep\org\springframework\boot\spring-boot-test-autoconfigure\2.0.4.RELEASE\spring-boot-test-autoconfigure-2.0.4.RELEASE.jar;F:\apache-maven-3.5.4\rep\com\jayway\jsonpath\json-path\2.4.0\json-path-2.4.0.jar;F:\apache-maven-3.5.4\rep\net\minidev\json-smart\2.3\json-smart-2.3.jar;F:\apache-maven-3.5.4\rep\net\minidev\accessors-smart\1.2\accessors-smart-1.2.jar;F:\apache-maven-3.5.4\rep\org\ow2\asm\asm\5.0.4\asm-5.0.4.jar;F:\apache-maven-3.5.4\rep\junit\junit\4.12\junit-4.12.jar;F:\apache-maven-3.5.4\rep\org\assertj\assertj-core\3.9.1\assertj-core-3.9.1.jar;F:\apache-maven-3.5.4\rep\org\mockito\mockito-core\2.15.0\mockito-core-2.15.0.jar;F:\apache-maven-3.5.4\rep\net\bytebuddy\byte-buddy\1.7.11\byte-buddy-1.7.11.jar;F:\apache-maven-3.5.4\rep\net\bytebuddy\byte-buddy-agent\1.7.11\byte-buddy-agent-1.7.11.jar;F:\apache-maven-3.5.4\rep\org\objenesis\objenesis\2.6\objenesis-2.6.jar;F:\apache-maven-3.5.4\rep\org\hamcrest\hamcrest-core\1.3\hamcrest-core-1.3.jar;F:\apache-maven-3.5.4\rep\org\hamcrest\hamcrest-library\1.3\hamcrest-library-1.3.jar;F:\apache-maven-3.5.4\rep\org\skyscreamer\jsonassert\1.5.0\jsonassert-1.5.0.jar;F:\apache-maven-3.5.4\rep\com\vaadin\external\google\android-json\0.0.20131108.vaadin1\android-json-0.0.20131108.vaadin1.jar;F:\apache-maven-3.5.4\rep\org\springframework\spring-core\5.0.8.RELEASE\spring-core-5.0.8.RELEASE.jar;F:\apache-maven-3.5.4\rep\org\springframework\spring-jcl\5.0.8.RELEASE\spring-jcl-5.0.8.RELEASE.jar;F:\apache-maven-3.5.4\rep\org\springframework\spring-test\5.0.8.RELEASE\spring-test-5.0.8.RELEASE.jar;F:\apache-maven-3.5.4\rep\org\xmlunit\xmlunit-core\2.5.1\xmlunit-core-2.5.1.jar;F:\apache-maven-3.5.4\rep\org\springframework\boot\spring-boot-devtools\2.0.4.RELEASE\spring-boot-devtools-2.0.4.RELEASE.jar;F:\apache-maven-3.5.4\rep\org\springframework\boot\spring-boot\2.0.4.RELEASE\spring-boot-2.0.4.RELEASE.jar;F:\apache-maven-3.5.4\rep\org\springframework\boot\spring-boot-autoconfigure\2.0.4.RELEASE\spring-boot-autoconfigure-2.0.4.RELEASE.jar;F:\apache-maven-3.5.4\rep\com\google\guava\guava\25.1-jre\guava-25.1-jre.jar;F:\apache-maven-3.5.4\rep\com\google\code\findbugs\jsr305\3.0.2\jsr305-3.0.2.jar;F:\apache-maven-3.5.4\rep\org\checkerframework\checker-qual\2.0.0\checker-qual-2.0.0.jar;F:\apache-maven-3.5.4\rep\com\google\errorprone\error_prone_annotations\2.1.3\error_prone_annotations-2.1.3.jar;F:\apache-maven-3.5.4\rep\com\google\j2objc\j2objc-annotations\1.1\j2objc-annotations-1.1.jar;F:\apache-maven-3.5.4\rep\org\codehaus\mojo\animal-sniffer-annotations\1.14\animal-sniffer-annotations-1.14.jar;F:\apache-maven-3.5.4\rep\com\diffplug\guava\guava-cache\19.0.0\guava-cache-19.0.0.jar;F:\apache-maven-3.5.4\rep\com\diffplug\guava\guava-core\19.0.0\guava-core-19.0.0.jar;F:\apache-maven-3.5.4\rep\com\diffplug\guava\guava-collect\19.0.0\guava-collect-19.0.0.jar;F:\apache-maven-3.5.4\rep\com\diffplug\guava\guava-concurrent\19.0.0\guava-concurrent-19.0.0.jar;"/>
    <property name="sun.cpu.endian" value="little"/>
    <property name="user.home" value="C:\Users\Administrator"/>
    <property name="user.language" value="zh"/>
    <property name="java.specification.vendor" value="Oracle Corporation"/>
    <property name="java.home" value="C:\Program Files\Java\jdk1.8.0_101\jre"/>
    <property name="basedir" value="C:\Users\Administrator\Desktop\demo"/>
    <property name="file.separator" value="\"/>
    <property name="line.separator" value="&#10;"/>
    <property name="java.vm.specification.vendor" value="Oracle Corporation"/>
    <property name="java.specification.name" value="Java Platform API Specification"/>
    <property name="java.awt.graphicsenv" value="sun.awt.Win32GraphicsEnvironment"/>
    <property name="surefire.real.class.path" value="C:\Users\ADMINI~1\AppData\Local\Temp\surefire7019041209556232824\surefirebooter3735653044656470718.jar"/>
    <property name="sun.boot.class.path" value="C:\Program Files\Java\jdk1.8.0_101\jre\lib\resources.jar;C:\Program Files\Java\jdk1.8.0_101\jre\lib\rt.jar;C:\Program Files\Java\jdk1.8.0_101\jre\lib\sunrsasign.jar;C:\Program Files\Java\jdk1.8.0_101\jre\lib\jsse.jar;C:\Program Files\Java\jdk1.8.0_101\jre\lib\jce.jar;C:\Program Files\Java\jdk1.8.0_101\jre\lib\charsets.jar;C:\Program Files\Java\jdk1.8.0_101\jre\lib\jfr.jar;C:\Program Files\Java\jdk1.8.0_101\jre\classes"/>
    <property name="user.script" value=""/>
    <property name="sun.management.compiler" value="HotSpot 64-Bit Tiered Compilers"/>
    <property name="java.runtime.version" value="1.8.0_101-b13"/>
    <property name="user.name" value="Administrator"/>
    <property name="path.separator" value=";"/>
    <property name="os.version" value="6.1"/>
    <property name="java.endorsed.dirs" value="C:\Program Files\Java\jdk1.8.0_101\jre\lib\endorsed"/>
    <property name="java.runtime.name" value="Java(TM) SE Runtime Environment"/>
    <property name="file.encoding" value="GBK"/>
    <property name="java.vm.name" value="Java HotSpot(TM) 64-Bit Server VM"/>
    <property name="localRepository" value="F:\apache-maven-3.5.4\rep"/>
    <property name="java.vendor.url.bug" value="http://bugreport.sun.com/bugreport/"/>
    <property name="java.io.tmpdir" value="C:\Users\ADMINI~1\AppData\Local\Temp\"/>
    <property name="java.version" value="1.8.0_101"/>
    <property name="user.dir" value="C:\Users\Administrator\Desktop\demo"/>
    <property name="os.arch" value="amd64"/>
    <property name="java.vm.specification.name" value="Java Virtual Machine Specification"/>
    <property name="java.awt.printerjob" value="sun.awt.windows.WPrinterJob"/>
    <property name="sun.os.patch.level" value="Service Pack 1"/>
    <property name="java.library.path" value="C:\Program Files\Java\jdk1.8.0_101\jre\bin;C:\Windows\Sun\Java\bin;C:\Windows\system32;C:\Windows;C:\Program Files\Java\jdk1.8.0_101\bin;C:\Program Files\Java\jdk1.8.0_101\jre\bin;C:\Program Files\nodejs\;F:\apache-maven-3.5.4\bin;C:\Program Files\TortoiseSVN\bin;C:\Windows\System32;C:\Program Files\erl9.0\bin;F:\Storm\apache-storm-1.1.1\bin;C:\Program Files\MySQL\MySQL Utilities 1.6\;C:\Users\Administrator\AppData\Roaming\npm;."/>
    <property name="java.vm.info" value="mixed mode"/>
    <property name="java.vendor" value="Oracle Corporation"/>
    <property name="java.vm.version" value="25.101-b13"/>
    <property name="java.ext.dirs" value="C:\Program Files\Java\jdk1.8.0_101\jre\lib\ext;C:\Windows\Sun\Java\lib\ext"/>
    <property name="sun.io.unicode.encoding" value="UnicodeLittle"/>
    <property name="java.class.version" value="52.0"/>
  </properties>
  <testcase name="contextLoads" classname="cn.tedu.eureka.DemoApplicationTests" time="0.121"/>
</testsuite>